#! /usr/bin/vvp
:ivl_version "11.0 (stable)" "(v11_0)";
:ivl_delay_selection "TYPICAL";
:vpi_time_precision + 0;
:vpi_module "/usr/lib/ivl/system.vpi";
:vpi_module "/usr/lib/ivl/vhdl_sys.vpi";
:vpi_module "/usr/lib/ivl/vhdl_textio.vpi";
:vpi_module "/usr/lib/ivl/v2005_math.vpi";
:vpi_module "/usr/lib/ivl/va_math.vpi";
S_0x564f3fdc8160 .scope module, "filter_test" "filter_test" 2 1;
 .timescale 0 0;
v0x564f3fde0400_0 .var "a0", 31 0;
v0x564f3fde04e0_0 .var "a1", 31 0;
v0x564f3fde05b0_0 .var "a2", 31 0;
v0x564f3fde06b0_0 .var "b0", 31 0;
v0x564f3fde0780_0 .var "b1", 31 0;
v0x564f3fde0820_0 .var "b2", 31 0;
v0x564f3fde08f0_0 .var "clk", 0 0;
v0x564f3fde09c0_0 .var "data", 31 0;
v0x564f3fde0a90_0 .net "out", 31 0, v0x564f3fddff60_0;  1 drivers
S_0x564f3fdc82f0 .scope module, "filter" "lpf" 2 7, 3 1 0, S_0x564f3fdc8160;
 .timescale 0 0;
    .port_info 0 /INPUT 1 "clk";
    .port_info 1 /INPUT 32 "data";
    .port_info 2 /OUTPUT 32 "out";
    .port_info 3 /INPUT 32 "b0";
    .port_info 4 /INPUT 32 "b1";
    .port_info 5 /INPUT 32 "b2";
    .port_info 6 /INPUT 32 "a0";
    .port_info 7 /INPUT 32 "a1";
    .port_info 8 /INPUT 32 "a2";
v0x564f3fd8d0b0_0 .net "a0", 31 0, v0x564f3fde0400_0;  1 drivers
v0x564f3fd8ce50_0 .net "a1", 31 0, v0x564f3fde04e0_0;  1 drivers
v0x564f3fddfa10_0 .net "a2", 31 0, v0x564f3fde05b0_0;  1 drivers
v0x564f3fddfad0_0 .net "b0", 31 0, v0x564f3fde06b0_0;  1 drivers
v0x564f3fddfbb0_0 .net "b1", 31 0, v0x564f3fde0780_0;  1 drivers
v0x564f3fddfce0_0 .net "b2", 31 0, v0x564f3fde0820_0;  1 drivers
v0x564f3fddfdc0_0 .net "clk", 0 0, v0x564f3fde08f0_0;  1 drivers
v0x564f3fddfe80_0 .net "data", 31 0, v0x564f3fde09c0_0;  1 drivers
v0x564f3fddff60_0 .var "out", 31 0;
v0x564f3fde0040_0 .var "z0", 31 0;
v0x564f3fde0120_0 .var "z1", 31 0;
v0x564f3fde0200_0 .var "z2", 31 0;
E_0x564f3fd8be30 .event posedge, v0x564f3fddfdc0_0;
    .scope S_0x564f3fdc82f0;
T_0 ;
    %pushi/vec4 0, 0, 128;
    %split/vec4 32;
    %store/vec4 v0x564f3fde0040_0, 0, 32;
    %split/vec4 32;
    %store/vec4 v0x564f3fde0120_0, 0, 32;
    %split/vec4 32;
    %store/vec4 v0x564f3fde0200_0, 0, 32;
    %store/vec4 v0x564f3fddff60_0, 0, 32;
    %end;
    .thread T_0;
    .scope S_0x564f3fdc82f0;
T_1 ;
    %wait E_0x564f3fd8be30;
    %load/vec4 v0x564f3fde0120_0;
    %load/vec4 v0x564f3fddfad0_0;
    %load/vec4 v0x564f3fddfe80_0;
    %mul;
    %load/vec4 v0x564f3fd8d0b0_0;
    %load/vec4 v0x564f3fddff60_0;
    %mul;
    %add;
    %add;
    %pushi/vec4 100, 0, 32;
    %div;
    %store/vec4 v0x564f3fddff60_0, 0, 32;
    %load/vec4 v0x564f3fde0200_0;
    %load/vec4 v0x564f3fddfbb0_0;
    %load/vec4 v0x564f3fddfe80_0;
    %mul;
    %load/vec4 v0x564f3fd8ce50_0;
    %load/vec4 v0x564f3fddff60_0;
    %mul;
    %add;
    %add;
    %store/vec4 v0x564f3fde0120_0, 0, 32;
    %load/vec4 v0x564f3fddfe80_0;
    %load/vec4 v0x564f3fddfce0_0;
    %mul;
    %load/vec4 v0x564f3fddfa10_0;
    %load/vec4 v0x564f3fddff60_0;
    %mul;
    %add;
    %store/vec4 v0x564f3fde0200_0, 0, 32;
    %jmp T_1;
    .thread T_1;
    .scope S_0x564f3fdc8160;
T_2 ;
    %pushi/vec4 0, 0, 1;
    %store/vec4 v0x564f3fde08f0_0, 0, 1;
    %pushi/vec4 100, 0, 32;
    %store/vec4 v0x564f3fde0400_0, 0, 32;
    %pushi/vec4 4294967222, 0, 32;
    %store/vec4 v0x564f3fde04e0_0, 0, 32;
    %pushi/vec4 27, 0, 32;
    %store/vec4 v0x564f3fde05b0_0, 0, 32;
    %pushi/vec4 13, 0, 32;
    %store/vec4 v0x564f3fde06b0_0, 0, 32;
    %pushi/vec4 26, 0, 32;
    %store/vec4 v0x564f3fde0780_0, 0, 32;
    %pushi/vec4 13, 0, 32;
    %store/vec4 v0x564f3fde0820_0, 0, 32;
    %delay 10, 0;
T_2.0 ;
    %delay 5, 0;
    %load/vec4 v0x564f3fde08f0_0;
    %inv;
    %store/vec4 v0x564f3fde08f0_0, 0, 1;
    %jmp T_2.0;
    %end;
    .thread T_2;
    .scope S_0x564f3fdc8160;
T_3 ;
    %vpi_call 2 22 "$display", v0x564f3fde06b0_0, " ", v0x564f3fde0780_0, " ", v0x564f3fde0820_0, " ", v0x564f3fde0400_0, " ", v0x564f3fde04e0_0, " ", v0x564f3fde05b0_0 {0 0 0};
    %vpi_call 2 23 "$monitor", v0x564f3fde09c0_0, "\011", v0x564f3fde0a90_0 {0 0 0};
    %vpi_call 2 24 "$display", "x(n)\011y(n)" {0 0 0};
    %pushi/vec4 10000, 0, 32;
    %store/vec4 v0x564f3fde09c0_0, 0, 32;
    %delay 10, 0;
    %pushi/vec4 20000, 0, 32;
    %store/vec4 v0x564f3fde09c0_0, 0, 32;
    %delay 10, 0;
    %pushi/vec4 10000, 0, 32;
    %store/vec4 v0x564f3fde09c0_0, 0, 32;
    %delay 10, 0;
    %pushi/vec4 24000, 0, 32;
    %store/vec4 v0x564f3fde09c0_0, 0, 32;
    %delay 10, 0;
    %pushi/vec4 12000, 0, 32;
    %store/vec4 v0x564f3fde09c0_0, 0, 32;
    %delay 10, 0;
    %pushi/vec4 2000, 0, 32;
    %store/vec4 v0x564f3fde09c0_0, 0, 32;
    %delay 10, 0;
    %pushi/vec4 20000, 0, 32;
    %store/vec4 v0x564f3fde09c0_0, 0, 32;
    %delay 10, 0;
    %pushi/vec4 15000, 0, 32;
    %store/vec4 v0x564f3fde09c0_0, 0, 32;
    %delay 10, 0;
    %pushi/vec4 38000, 0, 32;
    %store/vec4 v0x564f3fde09c0_0, 0, 32;
    %delay 10, 0;
    %pushi/vec4 20000, 0, 32;
    %store/vec4 v0x564f3fde09c0_0, 0, 32;
    %delay 10, 0;
    %vpi_call 2 36 "$finish" {0 0 0};
    %end;
    .thread T_3;
# The file index is used to find the file name in the following table.
:file_names 4;
    "N/A";
    "<interactive>";
    "filter_tester.v";
    "lowpass_filter.v";
